SF:lib/src/data/models/product_model.dart
DA:27,6
DA:40,10
DA:41,15
DA:42,5
DA:43,15
DA:45,15
DA:46,5
DA:48,15
DA:49,5
DA:51,15
DA:52,5
DA:54,15
DA:55,10
DA:62,2
DA:63,1
DA:64,1
DA:65,1
DA:66,1
DA:67,1
DA:68,1
DA:69,2
DA:72,2
DA:78,2
DA:79,6
DA:80,6
DA:81,6
DA:82,6
DA:83,6
DA:84,6
DA:85,6
DA:88,0
DA:90,0
DA:91,0
DA:92,0
DA:93,0
DA:94,0
DA:95,0
DA:96,0
LF:38
LH:30
end_of_record
SF:lib/src/data/models/rating_model.dart
DA:10,8
DA:16,12
DA:17,18
DA:18,18
DA:22,4
DA:23,2
DA:24,2
DA:27,3
DA:33,21
DA:36,0
DA:37,0
LF:11
LH:9
end_of_record
SF:lib/src/core/types/no_params.dart
DA:2,6
LF:1
LH:1
end_of_record
SF:lib/src/presentation/binding/get_categories_binding.dart
DA:21,0
DA:23,0
DA:24,0
DA:25,0
DA:28,0
LF:5
LH:0
end_of_record
SF:lib/src/presentation/binding/get_products_binding.dart
DA:21,0
DA:23,0
DA:24,0
DA:25,0
DA:28,0
LF:5
LH:0
end_of_record
SF:lib/src/presentation/binding/get_products_by_category_binding.dart
DA:21,0
DA:23,0
DA:24,0
DA:25,0
DA:28,0
LF:5
LH:0
end_of_record
SF:lib/src/presentation/practical_growth_route_network_package.dart
DA:30,0
DA:32,0
DA:33,0
DA:50,0
DA:52,0
DA:53,0
DA:72,0
DA:75,0
DA:76,0
LF:9
LH:0
end_of_record
SF:lib/src/domain/use_cases/get_categories_use_case.dart
DA:14,1
DA:21,1
DA:23,2
LF:3
LH:3
end_of_record
SF:lib/src/domain/use_cases/get_products_by_category_use_case.dart
DA:16,1
DA:23,1
DA:25,2
LF:3
LH:3
end_of_record
SF:lib/src/domain/use_cases/get_products_use_case.dart
DA:15,1
DA:24,1
DA:26,2
LF:3
LH:3
end_of_record
SF:lib/src/data/data_sources/product_data_source.dart
DA:30,1
DA:40,1
DA:44,3
DA:45,1
DA:46,2
DA:47,1
DA:48,4
DA:52,1
DA:53,1
DA:54,1
DA:55,1
DA:56,1
DA:57,1
DA:67,1
DA:71,3
DA:72,1
DA:73,2
DA:74,1
DA:75,4
DA:79,1
DA:80,1
DA:81,1
DA:82,1
DA:83,1
DA:84,1
DA:94,1
DA:99,1
DA:100,3
DA:101,1
DA:102,2
DA:103,1
DA:104,4
DA:108,1
DA:109,1
DA:110,1
DA:111,1
DA:112,1
DA:113,1
LF:38
LH:38
end_of_record
SF:lib/src/data/repositories/product_repository_impl.dart
DA:14,1
DA:21,1
DA:24,2
DA:25,1
DA:26,1
DA:27,1
DA:34,1
DA:37,2
DA:38,1
DA:39,1
DA:40,1
DA:48,1
DA:54,2
DA:55,1
DA:56,1
DA:57,1
LF:16
LH:16
end_of_record
SF:lib/src/core/error_handling/error.dart
DA:15,1
DA:23,1
DA:26,2
DA:27,3
DA:28,1
DA:30,1
DA:34,0
DA:40,0
DA:41,0
DA:42,0
DA:45,0
DA:46,0
LF:12
LH:6
end_of_record
SF:lib/src/core/error_handling/exception.dart
DA:15,5
DA:23,5
DA:24,10
DA:25,5
DA:27,5
DA:31,4
DA:37,0
DA:38,0
DA:39,0
DA:42,0
DA:43,0
DA:56,5
DA:64,5
DA:65,10
DA:66,5
DA:68,5
DA:72,4
DA:78,0
DA:79,0
DA:80,0
DA:83,0
DA:84,0
LF:22
LH:12
end_of_record
SF:lib/src/core/error_handling/http_client_response.dart
DA:17,1
DA:18,4
DA:19,1
DA:20,2
DA:21,1
LF:5
LH:5
end_of_record
