SF:lib/data/models/rating_model.dart
DA:11,8
DA:20,12
DA:21,18
DA:22,18
DA:28,4
DA:29,2
DA:30,2
DA:35,3
DA:36,3
DA:37,3
DA:38,3
LF:11
LH:11
end_of_record
SF:lib/core/error_handling/error.dart
DA:15,1
DA:22,1
DA:25,2
DA:26,3
DA:27,1
DA:29,1
DA:33,0
DA:34,0
DA:35,0
DA:36,0
LF:10
LH:6
end_of_record
SF:lib/core/error_handling/exception.dart
DA:16,5
DA:23,5
DA:24,10
DA:25,5
DA:27,5
DA:31,0
DA:32,0
DA:33,0
DA:34,0
DA:49,5
DA:55,5
DA:56,10
DA:57,5
DA:59,5
DA:63,0
DA:64,0
DA:65,0
DA:66,0
LF:18
LH:10
end_of_record
SF:lib/core/error_handling/http_client_response.dart
DA:11,1
DA:12,4
DA:13,1
DA:14,2
DA:15,1
LF:5
LH:5
end_of_record
SF:lib/data/data_sources/product_data_source.dart
DA:30,1
DA:40,1
DA:44,3
DA:45,1
DA:46,2
DA:47,1
DA:48,4
DA:52,1
DA:53,1
DA:54,1
DA:55,1
DA:56,1
DA:57,1
DA:67,1
DA:71,3
DA:72,1
DA:73,2
DA:74,1
DA:75,4
DA:79,1
DA:80,1
DA:81,1
DA:82,1
DA:83,1
DA:84,1
DA:96,1
DA:101,1
DA:102,3
DA:103,1
DA:104,2
DA:105,1
DA:106,4
DA:110,1
DA:111,1
DA:112,1
DA:113,1
DA:114,1
DA:115,1
LF:38
LH:38
end_of_record
SF:lib/data/models/product_model.dart
DA:17,6
DA:31,10
DA:32,15
DA:33,5
DA:34,15
DA:36,15
DA:37,5
DA:39,15
DA:40,5
DA:42,15
DA:43,5
DA:45,15
DA:46,10
DA:53,2
DA:54,1
DA:55,1
DA:56,1
DA:57,1
DA:58,1
DA:59,1
DA:60,2
DA:65,2
DA:66,2
DA:67,2
DA:68,2
DA:69,2
DA:70,2
DA:71,2
DA:72,2
DA:73,2
LF:30
LH:30
end_of_record
SF:lib/data/repositories/product_repository_impl.dart
DA:14,1
DA:21,1
DA:24,2
DA:25,1
DA:26,1
DA:27,1
DA:34,1
DA:37,2
DA:38,1
DA:39,1
DA:40,1
DA:48,1
DA:54,2
DA:55,1
DA:56,1
DA:57,1
LF:16
LH:16
end_of_record
SF:lib/core/types/no_params.dart
DA:10,0
DA:11,0
LF:2
LH:0
end_of_record
SF:lib/domain/use_cases/get_categories_use_case.dart
DA:13,1
DA:20,1
DA:22,2
LF:3
LH:3
end_of_record
SF:lib/domain/use_cases/get_products_by_category_use_case.dart
DA:16,1
DA:23,1
DA:25,2
LF:3
LH:3
end_of_record
SF:lib/domain/use_cases/get_products_use_case.dart
DA:15,1
DA:24,1
DA:26,2
LF:3
LH:3
end_of_record
